
===========================================================================
report_checks -unconstrained
===========================================================================
======================= Fastest Corner ===================================

Startpoint: reset_n (input port clocked by clk)
Endpoint: _12064_ (recovery check against rising-edge clock clk)
Path Group: asynchronous
Path Type: max
Corner: Fastest

Fanout     Cap    Slew   Delay    Time   Description
-----------------------------------------------------------------------------
                  0.15    0.00    0.00   clock clk (rise edge)
                          0.00    0.00   clock network delay (ideal)
                          2.00    2.00 ^ input external delay
     1    0.00    0.02    0.01    2.01 ^ reset_n (in)
                                         reset_n (net)
                  0.02    0.00    2.01 ^ input97/A (sky130_fd_sc_hd__buf_1)
     1    0.02    0.14    0.13    2.14 ^ input97/X (sky130_fd_sc_hd__buf_1)
                                         net97 (net)
                  0.14    0.00    2.14 ^ fanout374/A (sky130_fd_sc_hd__clkbuf_8)
     7    0.12    0.17    0.22    2.36 ^ fanout374/X (sky130_fd_sc_hd__clkbuf_8)
                                         net374 (net)
                  0.17    0.01    2.36 ^ fanout255/A (sky130_fd_sc_hd__clkbuf_4)
     5    0.06    0.15    0.21    2.57 ^ fanout255/X (sky130_fd_sc_hd__clkbuf_4)
                                         net255 (net)
                  0.15    0.00    2.57 ^ fanout254/A (sky130_fd_sc_hd__buf_2)
     5    0.04    0.16    0.20    2.77 ^ fanout254/X (sky130_fd_sc_hd__buf_2)
                                         net254 (net)
                  0.16    0.00    2.77 ^ fanout253/A (sky130_fd_sc_hd__clkbuf_2)
     5    0.04    0.15    0.18    2.95 ^ fanout253/X (sky130_fd_sc_hd__clkbuf_2)
                                         net253 (net)
                  0.15    0.00    2.95 ^ fanout252/A (sky130_fd_sc_hd__buf_2)
     6    0.04    0.16    0.19    3.15 ^ fanout252/X (sky130_fd_sc_hd__buf_2)
                                         net252 (net)
                  0.16    0.00    3.15 ^ fanout248/A (sky130_fd_sc_hd__clkbuf_4)
    10    0.05    0.13    0.20    3.34 ^ fanout248/X (sky130_fd_sc_hd__clkbuf_4)
                                         net248 (net)
                  0.13    0.00    3.34 ^ fanout247/A (sky130_fd_sc_hd__clkbuf_4)
    10    0.05    0.12    0.19    3.53 ^ fanout247/X (sky130_fd_sc_hd__clkbuf_4)
                                         net247 (net)
                  0.12    0.00    3.53 ^ _12064_/RESET_B (sky130_fd_sc_hd__dfrtp_1)
                                  3.53   data arrival time

                  0.15   10.00   10.00   clock clk (rise edge)
                          0.00   10.00   clock network delay (ideal)
                         -0.25    9.75   clock uncertainty
                          0.00    9.75   clock reconvergence pessimism
                                  9.75 ^ _12064_/CLK (sky130_fd_sc_hd__dfrtp_1)
                          0.15    9.90   library recovery time
                                  9.90   data required time
-----------------------------------------------------------------------------
                                  9.90   data required time
                                 -3.53   data arrival time
-----------------------------------------------------------------------------
                                  6.37   slack (MET)


Startpoint: reset_n (input port clocked by clk)
Endpoint: icache_adr_o[2] (output port clocked by clk)
Path Group: clk
Path Type: max
Corner: Fastest

Fanout     Cap    Slew   Delay    Time   Description
-----------------------------------------------------------------------------
                  0.15    0.00    0.00   clock clk (rise edge)
                          0.00    0.00   clock network delay (ideal)
                          2.00    2.00 ^ input external delay
     1    0.00    0.02    0.01    2.01 ^ reset_n (in)
                                         reset_n (net)
                  0.02    0.00    2.01 ^ input97/A (sky130_fd_sc_hd__buf_1)
     1    0.02    0.14    0.13    2.14 ^ input97/X (sky130_fd_sc_hd__buf_1)
                                         net97 (net)
                  0.14    0.00    2.14 ^ fanout374/A (sky130_fd_sc_hd__clkbuf_8)
     7    0.12    0.17    0.22    2.36 ^ fanout374/X (sky130_fd_sc_hd__clkbuf_8)
                                         net374 (net)
                  0.17    0.00    2.36 ^ fanout373/A (sky130_fd_sc_hd__clkbuf_4)
     7    0.07    0.17    0.23    2.59 ^ fanout373/X (sky130_fd_sc_hd__clkbuf_4)
                                         net373 (net)
                  0.17    0.00    2.59 ^ fanout367/A (sky130_fd_sc_hd__buf_2)
     5    0.05    0.19    0.22    2.81 ^ fanout367/X (sky130_fd_sc_hd__buf_2)
                                         net367 (net)
                  0.19    0.00    2.81 ^ fanout361/A (sky130_fd_sc_hd__buf_4)
    10    0.06    0.13    0.18    2.99 ^ fanout361/X (sky130_fd_sc_hd__buf_4)
                                         net361 (net)
                  0.13    0.00    2.99 ^ _05776_/B (sky130_fd_sc_hd__and2b_1)
     5    0.02    0.14    0.17    3.16 ^ _05776_/X (sky130_fd_sc_hd__and2b_1)
                                         _01098_ (net)
                  0.14    0.00    3.16 ^ _05786_/A (sky130_fd_sc_hd__buf_2)
    10    0.05    0.18    0.20    3.37 ^ _05786_/X (sky130_fd_sc_hd__buf_2)
                                         _01106_ (net)
                  0.18    0.00    3.37 ^ _05787_/B (sky130_fd_sc_hd__and2b_1)
     1    0.00    0.03    0.09    3.46 ^ _05787_/X (sky130_fd_sc_hd__and2b_1)
                                         _01107_ (net)
                  0.03    0.00    3.46 ^ _05788_/C1 (sky130_fd_sc_hd__a221o_1)
     2    0.02    0.18    0.17    3.64 ^ _05788_/X (sky130_fd_sc_hd__a221o_1)
                                         net156 (net)
                  0.18    0.00    3.64 ^ output156/A (sky130_fd_sc_hd__buf_2)
     1    0.03    0.13    0.17    3.81 ^ output156/X (sky130_fd_sc_hd__buf_2)
                                         icache_adr_o[2] (net)
                  0.13    0.00    3.81 ^ icache_adr_o[2] (out)
                                  3.81   data arrival time

                  0.15   10.00   10.00   clock clk (rise edge)
                          0.00   10.00   clock network delay (ideal)
                         -0.25    9.75   clock uncertainty
                          0.00    9.75   clock reconvergence pessimism
                         -2.00    7.75   output external delay
                                  7.75   data required time
-----------------------------------------------------------------------------
                                  7.75   data required time
                                 -3.81   data arrival time
-----------------------------------------------------------------------------
                                  3.94   slack (MET)



======================= Slowest Corner ===================================

Startpoint: reset_n (input port clocked by clk)
Endpoint: _12064_ (recovery check against rising-edge clock clk)
Path Group: asynchronous
Path Type: max
Corner: Slowest

Fanout     Cap    Slew   Delay    Time   Description
-----------------------------------------------------------------------------
                  0.15    0.00    0.00   clock clk (rise edge)
                          0.00    0.00   clock network delay (ideal)
                          2.00    2.00 ^ input external delay
     1    0.00    0.04    0.02    2.02 ^ reset_n (in)
                                         reset_n (net)
                  0.04    0.00    2.02 ^ input97/A (sky130_fd_sc_hd__buf_1)
     1    0.02    0.29    0.31    2.33 ^ input97/X (sky130_fd_sc_hd__buf_1)
                                         net97 (net)
                  0.29    0.00    2.33 ^ fanout374/A (sky130_fd_sc_hd__clkbuf_8)
     7    0.12    0.34    0.56    2.89 ^ fanout374/X (sky130_fd_sc_hd__clkbuf_8)
                                         net374 (net)
                  0.34    0.01    2.90 ^ fanout255/A (sky130_fd_sc_hd__clkbuf_4)
     5    0.06    0.31    0.57    3.47 ^ fanout255/X (sky130_fd_sc_hd__clkbuf_4)
                                         net255 (net)
                  0.31    0.00    3.47 ^ fanout254/A (sky130_fd_sc_hd__buf_2)
     5    0.04    0.35    0.53    3.99 ^ fanout254/X (sky130_fd_sc_hd__buf_2)
                                         net254 (net)
                  0.35    0.00    4.00 ^ fanout253/A (sky130_fd_sc_hd__clkbuf_2)
     5    0.03    0.30    0.50    4.49 ^ fanout253/X (sky130_fd_sc_hd__clkbuf_2)
                                         net253 (net)
                  0.30    0.00    4.49 ^ fanout252/A (sky130_fd_sc_hd__buf_2)
     6    0.04    0.33    0.51    5.00 ^ fanout252/X (sky130_fd_sc_hd__buf_2)
                                         net252 (net)
                  0.33    0.00    5.00 ^ fanout248/A (sky130_fd_sc_hd__clkbuf_4)
    10    0.05    0.25    0.52    5.52 ^ fanout248/X (sky130_fd_sc_hd__clkbuf_4)
                                         net248 (net)
                  0.25    0.00    5.52 ^ fanout247/A (sky130_fd_sc_hd__clkbuf_4)
    10    0.05    0.23    0.48    6.00 ^ fanout247/X (sky130_fd_sc_hd__clkbuf_4)
                                         net247 (net)
                  0.23    0.00    6.00 ^ _12064_/RESET_B (sky130_fd_sc_hd__dfrtp_1)
                                  6.00   data arrival time

                  0.15   10.00   10.00   clock clk (rise edge)
                          0.00   10.00   clock network delay (ideal)
                         -0.25    9.75   clock uncertainty
                          0.00    9.75   clock reconvergence pessimism
                                  9.75 ^ _12064_/CLK (sky130_fd_sc_hd__dfrtp_1)
                          0.43   10.18   library recovery time
                                 10.18   data required time
-----------------------------------------------------------------------------
                                 10.18   data required time
                                 -6.00   data arrival time
-----------------------------------------------------------------------------
                                  4.18   slack (MET)


Startpoint: _11916_ (rising edge-triggered flip-flop clocked by clk)
Endpoint: _11911_ (rising edge-triggered flip-flop clocked by clk)
Path Group: clk
Path Type: max
Corner: Slowest

Fanout     Cap    Slew   Delay    Time   Description
-----------------------------------------------------------------------------
                  0.15    0.00    0.00   clock clk (rise edge)
                          0.00    0.00   clock network delay (ideal)
                  0.15    0.00    0.00 ^ _11916_/CLK (sky130_fd_sc_hd__dfrtp_4)
     8    0.05    0.21    1.22    1.22 v _11916_/Q (sky130_fd_sc_hd__dfrtp_4)
                                         u_decod.rs1_data_q[4] (net)
                  0.21    0.00    1.22 v _06051_/A (sky130_fd_sc_hd__or2_1)
     3    0.02    0.21    0.72    1.94 v _06051_/X (sky130_fd_sc_hd__or2_1)
                                         _01322_ (net)
                  0.21    0.00    1.94 v _06053_/A (sky130_fd_sc_hd__and2_1)
     5    0.02    0.20    0.49    2.43 v _06053_/X (sky130_fd_sc_hd__and2_1)
                                         _01324_ (net)
                  0.20    0.00    2.43 v _06060_/A (sky130_fd_sc_hd__and3_1)
     1    0.00    0.07    0.36    2.79 v _06060_/X (sky130_fd_sc_hd__and3_1)
                                         _01331_ (net)
                  0.07    0.00    2.79 v _06061_/C (sky130_fd_sc_hd__and3b_1)
     3    0.01    0.13    0.44    3.23 v _06061_/X (sky130_fd_sc_hd__and3b_1)
                                         _01332_ (net)
                  0.13    0.00    3.23 v _06070_/A1 (sky130_fd_sc_hd__o211a_1)
     3    0.01    0.17    0.56    3.79 v _06070_/X (sky130_fd_sc_hd__o211a_1)
                                         _01341_ (net)
                  0.17    0.00    3.79 v _06075_/A3 (sky130_fd_sc_hd__o311a_1)
     3    0.01    0.17    0.71    4.50 v _06075_/X (sky130_fd_sc_hd__o311a_1)
                                         _01346_ (net)
                  0.17    0.00    4.50 v _06080_/A3 (sky130_fd_sc_hd__o311a_2)
     3    0.02    0.19    0.84    5.34 v _06080_/X (sky130_fd_sc_hd__o311a_2)
                                         _01351_ (net)
                  0.19    0.00    5.34 v _07088_/A3 (sky130_fd_sc_hd__o31ai_2)
     3    0.01    0.45    0.48    5.82 ^ _07088_/Y (sky130_fd_sc_hd__o31ai_2)
                                         _02331_ (net)
                  0.45    0.00    5.82 ^ _07404_/A3 (sky130_fd_sc_hd__a311o_1)
     4    0.02    0.32    0.69    6.51 ^ _07404_/X (sky130_fd_sc_hd__a311o_1)
                                         _02635_ (net)
                  0.32    0.00    6.51 ^ _07406_/A2 (sky130_fd_sc_hd__a21oi_1)
     3    0.01    0.21    0.33    6.85 v _07406_/Y (sky130_fd_sc_hd__a21oi_1)
                                         _02637_ (net)
                  0.21    0.00    6.85 v _07510_/B2 (sky130_fd_sc_hd__a221o_1)
     1    0.00    0.09    0.67    7.52 v _07510_/X (sky130_fd_sc_hd__a221o_1)
                                         _02737_ (net)
                  0.09    0.00    7.52 v _07514_/A2 (sky130_fd_sc_hd__a31o_1)
     1    0.00    0.06    0.39    7.91 v _07514_/X (sky130_fd_sc_hd__a31o_1)
                                         _02741_ (net)
                  0.06    0.00    7.91 v _07515_/D (sky130_fd_sc_hd__or4_1)
     1    0.01    0.30    1.20    9.12 v _07515_/X (sky130_fd_sc_hd__or4_1)
                                         _02742_ (net)
                  0.30    0.00    9.12 v _07516_/A (sky130_fd_sc_hd__buf_1)
     3    0.02    0.19    0.39    9.50 v _07516_/X (sky130_fd_sc_hd__buf_1)
                                         u_decod.exe_ff_res_data_i[22] (net)
                  0.19    0.00    9.50 v _07539_/A2 (sky130_fd_sc_hd__a21oi_1)
     3    0.01    0.48    0.54   10.04 ^ _07539_/Y (sky130_fd_sc_hd__a21oi_1)
                                         _02765_ (net)
                  0.48    0.00   10.04 ^ _07641_/B (sky130_fd_sc_hd__and4_1)
     2    0.00    0.12    0.56   10.60 ^ _07641_/X (sky130_fd_sc_hd__and4_1)
                                         _02863_ (net)
                  0.12    0.00   10.60 ^ _07780_/C (sky130_fd_sc_hd__and4_1)
     2    0.01    0.17    0.49   11.09 ^ _07780_/X (sky130_fd_sc_hd__and4_1)
                                         _02996_ (net)
                  0.17    0.00   11.09 ^ _07828_/B (sky130_fd_sc_hd__nand2_1)
     4    0.01    0.24    0.27   11.35 v _07828_/Y (sky130_fd_sc_hd__nand2_1)
                                         _03042_ (net)
                  0.24    0.00   11.35 v _07957_/A2 (sky130_fd_sc_hd__o41a_1)
     2    0.01    0.21    1.00   12.36 v _07957_/X (sky130_fd_sc_hd__o41a_1)
                                         _03165_ (net)
                  0.21    0.00   12.36 v _07960_/A0 (sky130_fd_sc_hd__mux2_1)
     1    0.00    0.11    0.71   13.07 v _07960_/X (sky130_fd_sc_hd__mux2_1)
                                         _03167_ (net)
                  0.11    0.00   13.07 v _07961_/A (sky130_fd_sc_hd__clkbuf_1)
     1    0.00    0.05    0.19   13.26 v _07961_/X (sky130_fd_sc_hd__clkbuf_1)
                                         u_decod.rs2_data_nxt[32] (net)
                  0.05    0.00   13.26 v _11911_/D (sky130_fd_sc_hd__dfrtp_2)
                                 13.26   data arrival time

                  0.15   10.00   10.00   clock clk (rise edge)
                          0.00   10.00   clock network delay (ideal)
                         -0.25    9.75   clock uncertainty
                          0.00    9.75   clock reconvergence pessimism
                                  9.75 ^ _11911_/CLK (sky130_fd_sc_hd__dfrtp_2)
                         -0.25    9.50   library setup time
                                  9.50   data required time
-----------------------------------------------------------------------------
                                  9.50   data required time
                                -13.26   data arrival time
-----------------------------------------------------------------------------
                                 -3.75   slack (VIOLATED)



======================= Typical Corner ===================================

Startpoint: reset_n (input port clocked by clk)
Endpoint: _12064_ (recovery check against rising-edge clock clk)
Path Group: asynchronous
Path Type: max
Corner: Typical

Fanout     Cap    Slew   Delay    Time   Description
-----------------------------------------------------------------------------
                  0.15    0.00    0.00   clock clk (rise edge)
                          0.00    0.00   clock network delay (ideal)
                          2.00    2.00 ^ input external delay
     1    0.00    0.03    0.02    2.02 ^ reset_n (in)
                                         reset_n (net)
                  0.03    0.00    2.02 ^ input97/A (sky130_fd_sc_hd__buf_1)
     1    0.02    0.18    0.18    2.19 ^ input97/X (sky130_fd_sc_hd__buf_1)
                                         net97 (net)
                  0.18    0.00    2.20 ^ fanout374/A (sky130_fd_sc_hd__clkbuf_8)
     7    0.12    0.22    0.32    2.51 ^ fanout374/X (sky130_fd_sc_hd__clkbuf_8)
                                         net374 (net)
                  0.22    0.01    2.52 ^ fanout255/A (sky130_fd_sc_hd__clkbuf_4)
     5    0.06    0.20    0.32    2.84 ^ fanout255/X (sky130_fd_sc_hd__clkbuf_4)
                                         net255 (net)
                  0.20    0.00    2.84 ^ fanout254/A (sky130_fd_sc_hd__buf_2)
     5    0.04    0.22    0.29    3.13 ^ fanout254/X (sky130_fd_sc_hd__buf_2)
                                         net254 (net)
                  0.22    0.00    3.13 ^ fanout253/A (sky130_fd_sc_hd__clkbuf_2)
     5    0.03    0.19    0.28    3.41 ^ fanout253/X (sky130_fd_sc_hd__clkbuf_2)
                                         net253 (net)
                  0.19    0.00    3.41 ^ fanout252/A (sky130_fd_sc_hd__buf_2)
     6    0.04    0.21    0.28    3.69 ^ fanout252/X (sky130_fd_sc_hd__buf_2)
                                         net252 (net)
                  0.21    0.00    3.69 ^ fanout248/A (sky130_fd_sc_hd__clkbuf_4)
    10    0.05    0.17    0.30    3.99 ^ fanout248/X (sky130_fd_sc_hd__clkbuf_4)
                                         net248 (net)
                  0.17    0.00    3.99 ^ fanout247/A (sky130_fd_sc_hd__clkbuf_4)
    10    0.05    0.16    0.28    4.27 ^ fanout247/X (sky130_fd_sc_hd__clkbuf_4)
                                         net247 (net)
                  0.16    0.00    4.27 ^ _12064_/RESET_B (sky130_fd_sc_hd__dfrtp_1)
                                  4.27   data arrival time

                  0.15   10.00   10.00   clock clk (rise edge)
                          0.00   10.00   clock network delay (ideal)
                         -0.25    9.75   clock uncertainty
                          0.00    9.75   clock reconvergence pessimism
                                  9.75 ^ _12064_/CLK (sky130_fd_sc_hd__dfrtp_1)
                          0.23    9.98   library recovery time
                                  9.98   data required time
-----------------------------------------------------------------------------
                                  9.98   data required time
                                 -4.27   data arrival time
-----------------------------------------------------------------------------
                                  5.72   slack (MET)


Startpoint: _11913_ (rising edge-triggered flip-flop clocked by clk)
Endpoint: adr_o[30] (output port clocked by clk)
Path Group: clk
Path Type: max
Corner: Typical

Fanout     Cap    Slew   Delay    Time   Description
-----------------------------------------------------------------------------
                  0.15    0.00    0.00   clock clk (rise edge)
                          0.00    0.00   clock network delay (ideal)
                  0.15    0.00    0.00 ^ _11913_/CLK (sky130_fd_sc_hd__dfrtp_4)
     7    0.05    0.12    0.62    0.62 v _11913_/Q (sky130_fd_sc_hd__dfrtp_4)
                                         u_decod.rs1_data_q[1] (net)
                  0.12    0.00    0.63 v rebuffer1/A (sky130_fd_sc_hd__clkbuf_1)
     1    0.00    0.03    0.12    0.75 v rebuffer1/X (sky130_fd_sc_hd__clkbuf_1)
                                         net375 (net)
                  0.03    0.00    0.75 v _08826_/B (sky130_fd_sc_hd__and2_1)
     2    0.01    0.05    0.17    0.92 v _08826_/X (sky130_fd_sc_hd__and2_1)
                                         _03999_ (net)
                  0.05    0.00    0.92 v _08837_/C1 (sky130_fd_sc_hd__a311o_1)
     2    0.01    0.07    0.31    1.23 v _08837_/X (sky130_fd_sc_hd__a311o_1)
                                         _04009_ (net)
                  0.07    0.00    1.23 v _08845_/A3 (sky130_fd_sc_hd__a31o_1)
     3    0.01    0.07    0.27    1.50 v _08845_/X (sky130_fd_sc_hd__a31o_1)
                                         _04016_ (net)
                  0.07    0.00    1.50 v _08859_/A2 (sky130_fd_sc_hd__a31o_1)
     2    0.01    0.06    0.25    1.75 v _08859_/X (sky130_fd_sc_hd__a31o_1)
                                         _04028_ (net)
                  0.06    0.00    1.75 v _08873_/A2 (sky130_fd_sc_hd__a31o_1)
     3    0.01    0.07    0.25    2.01 v _08873_/X (sky130_fd_sc_hd__a31o_1)
                                         _04040_ (net)
                  0.07    0.00    2.01 v _08888_/A2 (sky130_fd_sc_hd__a31o_1)
     3    0.01    0.07    0.26    2.27 v _08888_/X (sky130_fd_sc_hd__a31o_1)
                                         _04053_ (net)
                  0.07    0.00    2.27 v _08902_/A2 (sky130_fd_sc_hd__a31o_1)
     3    0.01    0.08    0.27    2.54 v _08902_/X (sky130_fd_sc_hd__a31o_1)
                                         _04065_ (net)
                  0.08    0.00    2.54 v _08916_/A2 (sky130_fd_sc_hd__a31o_1)
     3    0.01    0.07    0.27    2.81 v _08916_/X (sky130_fd_sc_hd__a31o_1)
                                         _04077_ (net)
                  0.07    0.00    2.81 v _08930_/A2 (sky130_fd_sc_hd__a31o_1)
     3    0.02    0.09    0.28    3.09 v _08930_/X (sky130_fd_sc_hd__a31o_1)
                                         _04089_ (net)
                  0.09    0.00    3.09 v _08942_/A2 (sky130_fd_sc_hd__a31oi_4)
     3    0.01    0.17    0.22    3.31 ^ _08942_/Y (sky130_fd_sc_hd__a31oi_4)
                                         _04099_ (net)
                  0.17    0.00    3.31 ^ _08956_/A2 (sky130_fd_sc_hd__o31a_1)
     3    0.01    0.15    0.24    3.55 ^ _08956_/X (sky130_fd_sc_hd__o31a_1)
                                         _04111_ (net)
                  0.15    0.00    3.55 ^ _08969_/A2 (sky130_fd_sc_hd__o31a_1)
     3    0.01    0.14    0.23    3.78 ^ _08969_/X (sky130_fd_sc_hd__o31a_1)
                                         _04122_ (net)
                  0.14    0.00    3.78 ^ _08984_/A2 (sky130_fd_sc_hd__o31a_1)
     3    0.02    0.18    0.26    4.04 ^ _08984_/X (sky130_fd_sc_hd__o31a_1)
                                         _04135_ (net)
                  0.18    0.00    4.04 ^ _09009_/A1 (sky130_fd_sc_hd__o21a_1)
     2    0.01    0.12    0.22    4.25 ^ _09009_/X (sky130_fd_sc_hd__o21a_1)
                                         _04156_ (net)
                  0.12    0.00    4.26 ^ _09018_/A1 (sky130_fd_sc_hd__o21ai_2)
     2    0.01    0.05    0.09    4.35 v _09018_/Y (sky130_fd_sc_hd__o21ai_2)
                                         _04164_ (net)
                  0.05    0.00    4.35 v _09024_/A2 (sky130_fd_sc_hd__a21boi_2)
     2    0.01    0.14    0.18    4.53 ^ _09024_/Y (sky130_fd_sc_hd__a21boi_2)
                                         _04169_ (net)
                  0.14    0.00    4.53 ^ _09025_/B (sky130_fd_sc_hd__xor2_1)
     2    0.01    0.17    0.21    4.73 ^ _09025_/X (sky130_fd_sc_hd__xor2_1)
                                         _04170_ (net)
                  0.17    0.00    4.73 ^ _09026_/B (sky130_fd_sc_hd__and2_1)
     1    0.00    0.06    0.17    4.90 ^ _09026_/X (sky130_fd_sc_hd__and2_1)
                                         _04171_ (net)
                  0.06    0.00    4.90 ^ _09027_/A (sky130_fd_sc_hd__clkbuf_2)
     1    0.03    0.14    0.19    5.09 ^ _09027_/X (sky130_fd_sc_hd__clkbuf_2)
                                         net124 (net)
                  0.14    0.00    5.09 ^ output124/A (sky130_fd_sc_hd__buf_6)
     1    0.03    0.08    0.16    5.25 ^ output124/X (sky130_fd_sc_hd__buf_6)
                                         adr_o[30] (net)
                  0.08    0.00    5.25 ^ adr_o[30] (out)
                                  5.25   data arrival time

                  0.15   10.00   10.00   clock clk (rise edge)
                          0.00   10.00   clock network delay (ideal)
                         -0.25    9.75   clock uncertainty
                          0.00    9.75   clock reconvergence pessimism
                         -2.00    7.75   output external delay
                                  7.75   data required time
-----------------------------------------------------------------------------
                                  7.75   data required time
                                 -5.25   data arrival time
-----------------------------------------------------------------------------
                                  2.50   slack (MET)




===========================================================================
report_checks --slack_max -0.01
============================================================================
======================= Fastest Corner ===================================

No paths found.

======================= Slowest Corner ===================================

Startpoint: _11916_ (rising edge-triggered flip-flop clocked by clk)
Endpoint: _11911_ (rising edge-triggered flip-flop clocked by clk)
Path Group: clk
Path Type: max
Corner: Slowest

Fanout     Cap    Slew   Delay    Time   Description
-----------------------------------------------------------------------------
                  0.15    0.00    0.00   clock clk (rise edge)
                          0.00    0.00   clock network delay (ideal)
                  0.15    0.00    0.00 ^ _11916_/CLK (sky130_fd_sc_hd__dfrtp_4)
     8    0.05    0.21    1.22    1.22 v _11916_/Q (sky130_fd_sc_hd__dfrtp_4)
                                         u_decod.rs1_data_q[4] (net)
                  0.21    0.00    1.22 v _06051_/A (sky130_fd_sc_hd__or2_1)
     3    0.02    0.21    0.72    1.94 v _06051_/X (sky130_fd_sc_hd__or2_1)
                                         _01322_ (net)
                  0.21    0.00    1.94 v _06053_/A (sky130_fd_sc_hd__and2_1)
     5    0.02    0.20    0.49    2.43 v _06053_/X (sky130_fd_sc_hd__and2_1)
                                         _01324_ (net)
                  0.20    0.00    2.43 v _06060_/A (sky130_fd_sc_hd__and3_1)
     1    0.00    0.07    0.36    2.79 v _06060_/X (sky130_fd_sc_hd__and3_1)
                                         _01331_ (net)
                  0.07    0.00    2.79 v _06061_/C (sky130_fd_sc_hd__and3b_1)
     3    0.01    0.13    0.44    3.23 v _06061_/X (sky130_fd_sc_hd__and3b_1)
                                         _01332_ (net)
                  0.13    0.00    3.23 v _06070_/A1 (sky130_fd_sc_hd__o211a_1)
     3    0.01    0.17    0.56    3.79 v _06070_/X (sky130_fd_sc_hd__o211a_1)
                                         _01341_ (net)
                  0.17    0.00    3.79 v _06075_/A3 (sky130_fd_sc_hd__o311a_1)
     3    0.01    0.17    0.71    4.50 v _06075_/X (sky130_fd_sc_hd__o311a_1)
                                         _01346_ (net)
                  0.17    0.00    4.50 v _06080_/A3 (sky130_fd_sc_hd__o311a_2)
     3    0.02    0.19    0.84    5.34 v _06080_/X (sky130_fd_sc_hd__o311a_2)
                                         _01351_ (net)
                  0.19    0.00    5.34 v _07088_/A3 (sky130_fd_sc_hd__o31ai_2)
     3    0.01    0.45    0.48    5.82 ^ _07088_/Y (sky130_fd_sc_hd__o31ai_2)
                                         _02331_ (net)
                  0.45    0.00    5.82 ^ _07404_/A3 (sky130_fd_sc_hd__a311o_1)
     4    0.02    0.32    0.69    6.51 ^ _07404_/X (sky130_fd_sc_hd__a311o_1)
                                         _02635_ (net)
                  0.32    0.00    6.51 ^ _07406_/A2 (sky130_fd_sc_hd__a21oi_1)
     3    0.01    0.21    0.33    6.85 v _07406_/Y (sky130_fd_sc_hd__a21oi_1)
                                         _02637_ (net)
                  0.21    0.00    6.85 v _07510_/B2 (sky130_fd_sc_hd__a221o_1)
     1    0.00    0.09    0.67    7.52 v _07510_/X (sky130_fd_sc_hd__a221o_1)
                                         _02737_ (net)
                  0.09    0.00    7.52 v _07514_/A2 (sky130_fd_sc_hd__a31o_1)
     1    0.00    0.06    0.39    7.91 v _07514_/X (sky130_fd_sc_hd__a31o_1)
                                         _02741_ (net)
                  0.06    0.00    7.91 v _07515_/D (sky130_fd_sc_hd__or4_1)
     1    0.01    0.30    1.20    9.12 v _07515_/X (sky130_fd_sc_hd__or4_1)
                                         _02742_ (net)
                  0.30    0.00    9.12 v _07516_/A (sky130_fd_sc_hd__buf_1)
     3    0.02    0.19    0.39    9.50 v _07516_/X (sky130_fd_sc_hd__buf_1)
                                         u_decod.exe_ff_res_data_i[22] (net)
                  0.19    0.00    9.50 v _07539_/A2 (sky130_fd_sc_hd__a21oi_1)
     3    0.01    0.48    0.54   10.04 ^ _07539_/Y (sky130_fd_sc_hd__a21oi_1)
                                         _02765_ (net)
                  0.48    0.00   10.04 ^ _07641_/B (sky130_fd_sc_hd__and4_1)
     2    0.00    0.12    0.56   10.60 ^ _07641_/X (sky130_fd_sc_hd__and4_1)
                                         _02863_ (net)
                  0.12    0.00   10.60 ^ _07780_/C (sky130_fd_sc_hd__and4_1)
     2    0.01    0.17    0.49   11.09 ^ _07780_/X (sky130_fd_sc_hd__and4_1)
                                         _02996_ (net)
                  0.17    0.00   11.09 ^ _07828_/B (sky130_fd_sc_hd__nand2_1)
     4    0.01    0.24    0.27   11.35 v _07828_/Y (sky130_fd_sc_hd__nand2_1)
                                         _03042_ (net)
                  0.24    0.00   11.35 v _07957_/A2 (sky130_fd_sc_hd__o41a_1)
     2    0.01    0.21    1.00   12.36 v _07957_/X (sky130_fd_sc_hd__o41a_1)
                                         _03165_ (net)
                  0.21    0.00   12.36 v _07960_/A0 (sky130_fd_sc_hd__mux2_1)
     1    0.00    0.11    0.71   13.07 v _07960_/X (sky130_fd_sc_hd__mux2_1)
                                         _03167_ (net)
                  0.11    0.00   13.07 v _07961_/A (sky130_fd_sc_hd__clkbuf_1)
     1    0.00    0.05    0.19   13.26 v _07961_/X (sky130_fd_sc_hd__clkbuf_1)
                                         u_decod.rs2_data_nxt[32] (net)
                  0.05    0.00   13.26 v _11911_/D (sky130_fd_sc_hd__dfrtp_2)
                                 13.26   data arrival time

                  0.15   10.00   10.00   clock clk (rise edge)
                          0.00   10.00   clock network delay (ideal)
                         -0.25    9.75   clock uncertainty
                          0.00    9.75   clock reconvergence pessimism
                                  9.75 ^ _11911_/CLK (sky130_fd_sc_hd__dfrtp_2)
                         -0.25    9.50   library setup time
                                  9.50   data required time
-----------------------------------------------------------------------------
                                  9.50   data required time
                                -13.26   data arrival time
-----------------------------------------------------------------------------
                                 -3.75   slack (VIOLATED)



======================= Typical Corner ===================================

No paths found.


===========================================================================
 report_check_types -max_slew -max_cap -max_fanout -violators
============================================================================
======================= Fastest Corner ===================================

max fanout

Pin                                   Limit Fanout  Slack
---------------------------------------------------------
_09931_/X                                10     14     -4 (VIOLATED)
_06335_/X                                10     13     -3 (VIOLATED)
_06345_/X                                10     13     -3 (VIOLATED)
_06388_/X                                10     13     -3 (VIOLATED)
_06409_/X                                10     13     -3 (VIOLATED)
_08106_/X                                10     13     -3 (VIOLATED)
_08163_/X                                10     13     -3 (VIOLATED)
_10059_/X                                10     13     -3 (VIOLATED)
_10127_/X                                10     13     -3 (VIOLATED)
_10366_/X                                10     13     -3 (VIOLATED)
_11436_/X                                10     13     -3 (VIOLATED)
_11525_/X                                10     13     -3 (VIOLATED)
_06113_/X                                10     12     -2 (VIOLATED)
_06311_/X                                10     12     -2 (VIOLATED)
_07970_/X                                10     12     -2 (VIOLATED)
_08060_/X                                10     12     -2 (VIOLATED)
_08061_/X                                10     12     -2 (VIOLATED)
_08063_/X                                10     12     -2 (VIOLATED)
_08070_/X                                10     12     -2 (VIOLATED)
_08079_/X                                10     12     -2 (VIOLATED)
_08088_/X                                10     12     -2 (VIOLATED)
_08091_/X                                10     12     -2 (VIOLATED)
_08101_/X                                10     12     -2 (VIOLATED)
_08116_/X                                10     12     -2 (VIOLATED)
_08127_/X                                10     12     -2 (VIOLATED)
_08133_/X                                10     12     -2 (VIOLATED)
_08153_/X                                10     12     -2 (VIOLATED)
_08170_/X                                10     12     -2 (VIOLATED)
_08186_/X                                10     12     -2 (VIOLATED)
_09541_/X                                10     12     -2 (VIOLATED)
_10196_/X                                10     12     -2 (VIOLATED)
_11206_/X                                10     12     -2 (VIOLATED)
_11919_/Q                                10     12     -2 (VIOLATED)
_11920_/Q                                10     12     -2 (VIOLATED)
_11921_/Q                                10     12     -2 (VIOLATED)
_11925_/Q                                10     12     -2 (VIOLATED)
_12045_/Q                                10     12     -2 (VIOLATED)
_05777_/X                                10     11        (VIOLATED)
_05916_/X                                10     11        (VIOLATED)
_06197_/X                                10     11        (VIOLATED)
_06198_/X                                10     11        (VIOLATED)
_06291_/X                                10     11        (VIOLATED)
_06309_/X                                10     11        (VIOLATED)
_06327_/X                                10     11        (VIOLATED)
_06330_/X                                10     11        (VIOLATED)
_06340_/X                                10     11        (VIOLATED)
_06346_/X                                10     11        (VIOLATED)
_06355_/X                                10     11        (VIOLATED)
_06360_/X                                10     11        (VIOLATED)
_06380_/X                                10     11        (VIOLATED)
_06382_/X                                10     11        (VIOLATED)
_06386_/X                                10     11        (VIOLATED)
_06394_/X                                10     11        (VIOLATED)
_06397_/X                                10     11        (VIOLATED)
_06480_/X                                10     11        (VIOLATED)
_06496_/Y                                10     11        (VIOLATED)
_06506_/X                                10     11        (VIOLATED)
_06514_/X                                10     11        (VIOLATED)
_06521_/X                                10     11        (VIOLATED)
_07372_/X                                10     11        (VIOLATED)
_08069_/X                                10     11        (VIOLATED)
_08072_/X                                10     11        (VIOLATED)
_08078_/X                                10     11        (VIOLATED)
_08081_/X                                10     11        (VIOLATED)
_08086_/X                                10     11        (VIOLATED)
_08092_/X                                10     11        (VIOLATED)
_08107_/X                                10     11        (VIOLATED)
_08121_/X                                10     11        (VIOLATED)
_08128_/X                                10     11        (VIOLATED)
_08129_/X                                10     11        (VIOLATED)
_08140_/X                                10     11        (VIOLATED)
_08150_/X                                10     11        (VIOLATED)
_08175_/X                                10     11        (VIOLATED)
_08206_/X                                10     11        (VIOLATED)
_08219_/X                                10     11        (VIOLATED)
_08227_/X                                10     11        (VIOLATED)
_08228_/X                                10     11        (VIOLATED)
_08480_/X                                10     11        (VIOLATED)
_08481_/X                                10     11        (VIOLATED)
_09322_/X                                10     11        (VIOLATED)
_09493_/X                                10     11        (VIOLATED)
_09730_/X                                10     11        (VIOLATED)
_09820_/X                                10     11        (VIOLATED)
_10038_/X                                10     11        (VIOLATED)
_10308_/X                                10     11        (VIOLATED)
_10345_/X                                10     11        (VIOLATED)
_10523_/X                                10     11        (VIOLATED)
_10619_/X                                10     11        (VIOLATED)
_10797_/X                                10     11        (VIOLATED)
_10844_/X                                10     11        (VIOLATED)
_10934_/X                                10     11        (VIOLATED)
_11138_/X                                10     11        (VIOLATED)
_11164_/X                                10     11        (VIOLATED)
_11342_/X                                10     11        (VIOLATED)
_11504_/X                                10     11        (VIOLATED)
_11593_/X                                10     11        (VIOLATED)
_11918_/Q                                10     11        (VIOLATED)


max slew violations count Fastest: 0
max fanout violations count Fastest: 97
max cap violations count Fastest: 0
======================= Slowest Corner ===================================

max slew

Pin                                    Limit    Slew   Slack
------------------------------------------------------------
_05738_/B                               0.75    1.02   -0.27 (VIOLATED)
_06218_/A_N                             0.75    1.02   -0.27 (VIOLATED)
_06219_/B                               0.75    1.02   -0.27 (VIOLATED)
_05737_/Y                               0.75    1.02   -0.27 (VIOLATED)
_09065_/A1                              0.75    1.02   -0.27 (VIOLATED)
_07781_/A                               0.75    0.87   -0.12 (VIOLATED)
_07959_/B                               0.75    0.87   -0.12 (VIOLATED)
_06982_/B1                              0.75    0.87   -0.12 (VIOLATED)
_06981_/Y                               0.75    0.87   -0.12 (VIOLATED)
_06475_/Y                               0.75    0.75   -0.00 (VIOLATED)
_06476_/A                               0.75    0.75   -0.00 (VIOLATED)
_06686_/A                               0.75    0.75   -0.00 (VIOLATED)
max_cap201/A                            0.75    0.75   -0.00 (VIOLATED)

max fanout

Pin                                   Limit Fanout  Slack
---------------------------------------------------------
_09931_/X                                10     14     -4 (VIOLATED)
_06335_/X                                10     13     -3 (VIOLATED)
_06345_/X                                10     13     -3 (VIOLATED)
_06388_/X                                10     13     -3 (VIOLATED)
_06409_/X                                10     13     -3 (VIOLATED)
_08106_/X                                10     13     -3 (VIOLATED)
_08163_/X                                10     13     -3 (VIOLATED)
_10059_/X                                10     13     -3 (VIOLATED)
_10127_/X                                10     13     -3 (VIOLATED)
_10366_/X                                10     13     -3 (VIOLATED)
_11436_/X                                10     13     -3 (VIOLATED)
_11525_/X                                10     13     -3 (VIOLATED)
_06113_/X                                10     12     -2 (VIOLATED)
_06311_/X                                10     12     -2 (VIOLATED)
_07970_/X                                10     12     -2 (VIOLATED)
_08060_/X                                10     12     -2 (VIOLATED)
_08061_/X                                10     12     -2 (VIOLATED)
_08063_/X                                10     12     -2 (VIOLATED)
_08070_/X                                10     12     -2 (VIOLATED)
_08079_/X                                10     12     -2 (VIOLATED)
_08088_/X                                10     12     -2 (VIOLATED)
_08091_/X                                10     12     -2 (VIOLATED)
_08101_/X                                10     12     -2 (VIOLATED)
_08116_/X                                10     12     -2 (VIOLATED)
_08127_/X                                10     12     -2 (VIOLATED)
_08133_/X                                10     12     -2 (VIOLATED)
_08153_/X                                10     12     -2 (VIOLATED)
_08170_/X                                10     12     -2 (VIOLATED)
_08186_/X                                10     12     -2 (VIOLATED)
_09541_/X                                10     12     -2 (VIOLATED)
_10196_/X                                10     12     -2 (VIOLATED)
_11206_/X                                10     12     -2 (VIOLATED)
_11919_/Q                                10     12     -2 (VIOLATED)
_11920_/Q                                10     12     -2 (VIOLATED)
_11921_/Q                                10     12     -2 (VIOLATED)
_11925_/Q                                10     12     -2 (VIOLATED)
_12045_/Q                                10     12     -2 (VIOLATED)
_05777_/X                                10     11        (VIOLATED)
_05916_/X                                10     11        (VIOLATED)
_06197_/X                                10     11        (VIOLATED)
_06198_/X                                10     11        (VIOLATED)
_06291_/X                                10     11        (VIOLATED)
_06309_/X                                10     11        (VIOLATED)
_06327_/X                                10     11        (VIOLATED)
_06330_/X                                10     11        (VIOLATED)
_06340_/X                                10     11        (VIOLATED)
_06346_/X                                10     11        (VIOLATED)
_06355_/X                                10     11        (VIOLATED)
_06360_/X                                10     11        (VIOLATED)
_06380_/X                                10     11        (VIOLATED)
_06382_/X                                10     11        (VIOLATED)
_06386_/X                                10     11        (VIOLATED)
_06394_/X                                10     11        (VIOLATED)
_06397_/X                                10     11        (VIOLATED)
_06480_/X                                10     11        (VIOLATED)
_06496_/Y                                10     11        (VIOLATED)
_06506_/X                                10     11        (VIOLATED)
_06514_/X                                10     11        (VIOLATED)
_06521_/X                                10     11        (VIOLATED)
_07372_/X                                10     11        (VIOLATED)
_08069_/X                                10     11        (VIOLATED)
_08072_/X                                10     11        (VIOLATED)
_08078_/X                                10     11        (VIOLATED)
_08081_/X                                10     11        (VIOLATED)
_08086_/X                                10     11        (VIOLATED)
_08092_/X                                10     11        (VIOLATED)
_08107_/X                                10     11        (VIOLATED)
_08121_/X                                10     11        (VIOLATED)
_08128_/X                                10     11        (VIOLATED)
_08129_/X                                10     11        (VIOLATED)
_08140_/X                                10     11        (VIOLATED)
_08150_/X                                10     11        (VIOLATED)
_08175_/X                                10     11        (VIOLATED)
_08206_/X                                10     11        (VIOLATED)
_08219_/X                                10     11        (VIOLATED)
_08227_/X                                10     11        (VIOLATED)
_08228_/X                                10     11        (VIOLATED)
_08480_/X                                10     11        (VIOLATED)
_08481_/X                                10     11        (VIOLATED)
_09322_/X                                10     11        (VIOLATED)
_09493_/X                                10     11        (VIOLATED)
_09730_/X                                10     11        (VIOLATED)
_09820_/X                                10     11        (VIOLATED)
_10038_/X                                10     11        (VIOLATED)
_10308_/X                                10     11        (VIOLATED)
_10345_/X                                10     11        (VIOLATED)
_10523_/X                                10     11        (VIOLATED)
_10619_/X                                10     11        (VIOLATED)
_10797_/X                                10     11        (VIOLATED)
_10844_/X                                10     11        (VIOLATED)
_10934_/X                                10     11        (VIOLATED)
_11138_/X                                10     11        (VIOLATED)
_11164_/X                                10     11        (VIOLATED)
_11342_/X                                10     11        (VIOLATED)
_11504_/X                                10     11        (VIOLATED)
_11593_/X                                10     11        (VIOLATED)
_11918_/Q                                10     11        (VIOLATED)


max slew violations count Slowest: 13
max fanout violations count Slowest: 97
max cap violations count Slowest: 0
======================= Typical Corner ===================================

max fanout

Pin                                   Limit Fanout  Slack
---------------------------------------------------------
_09931_/X                                10     14     -4 (VIOLATED)
_06335_/X                                10     13     -3 (VIOLATED)
_06345_/X                                10     13     -3 (VIOLATED)
_06388_/X                                10     13     -3 (VIOLATED)
_06409_/X                                10     13     -3 (VIOLATED)
_08106_/X                                10     13     -3 (VIOLATED)
_08163_/X                                10     13     -3 (VIOLATED)
_10059_/X                                10     13     -3 (VIOLATED)
_10127_/X                                10     13     -3 (VIOLATED)
_10366_/X                                10     13     -3 (VIOLATED)
_11436_/X                                10     13     -3 (VIOLATED)
_11525_/X                                10     13     -3 (VIOLATED)
_06113_/X                                10     12     -2 (VIOLATED)
_06311_/X                                10     12     -2 (VIOLATED)
_07970_/X                                10     12     -2 (VIOLATED)
_08060_/X                                10     12     -2 (VIOLATED)
_08061_/X                                10     12     -2 (VIOLATED)
_08063_/X                                10     12     -2 (VIOLATED)
_08070_/X                                10     12     -2 (VIOLATED)
_08079_/X                                10     12     -2 (VIOLATED)
_08088_/X                                10     12     -2 (VIOLATED)
_08091_/X                                10     12     -2 (VIOLATED)
_08101_/X                                10     12     -2 (VIOLATED)
_08116_/X                                10     12     -2 (VIOLATED)
_08127_/X                                10     12     -2 (VIOLATED)
_08133_/X                                10     12     -2 (VIOLATED)
_08153_/X                                10     12     -2 (VIOLATED)
_08170_/X                                10     12     -2 (VIOLATED)
_08186_/X                                10     12     -2 (VIOLATED)
_09541_/X                                10     12     -2 (VIOLATED)
_10196_/X                                10     12     -2 (VIOLATED)
_11206_/X                                10     12     -2 (VIOLATED)
_11919_/Q                                10     12     -2 (VIOLATED)
_11920_/Q                                10     12     -2 (VIOLATED)
_11921_/Q                                10     12     -2 (VIOLATED)
_11925_/Q                                10     12     -2 (VIOLATED)
_12045_/Q                                10     12     -2 (VIOLATED)
_05777_/X                                10     11        (VIOLATED)
_05916_/X                                10     11        (VIOLATED)
_06197_/X                                10     11        (VIOLATED)
_06198_/X                                10     11        (VIOLATED)
_06291_/X                                10     11        (VIOLATED)
_06309_/X                                10     11        (VIOLATED)
_06327_/X                                10     11        (VIOLATED)
_06330_/X                                10     11        (VIOLATED)
_06340_/X                                10     11        (VIOLATED)
_06346_/X                                10     11        (VIOLATED)
_06355_/X                                10     11        (VIOLATED)
_06360_/X                                10     11        (VIOLATED)
_06380_/X                                10     11        (VIOLATED)
_06382_/X                                10     11        (VIOLATED)
_06386_/X                                10     11        (VIOLATED)
_06394_/X                                10     11        (VIOLATED)
_06397_/X                                10     11        (VIOLATED)
_06480_/X                                10     11        (VIOLATED)
_06496_/Y                                10     11        (VIOLATED)
_06506_/X                                10     11        (VIOLATED)
_06514_/X                                10     11        (VIOLATED)
_06521_/X                                10     11        (VIOLATED)
_07372_/X                                10     11        (VIOLATED)
_08069_/X                                10     11        (VIOLATED)
_08072_/X                                10     11        (VIOLATED)
_08078_/X                                10     11        (VIOLATED)
_08081_/X                                10     11        (VIOLATED)
_08086_/X                                10     11        (VIOLATED)
_08092_/X                                10     11        (VIOLATED)
_08107_/X                                10     11        (VIOLATED)
_08121_/X                                10     11        (VIOLATED)
_08128_/X                                10     11        (VIOLATED)
_08129_/X                                10     11        (VIOLATED)
_08140_/X                                10     11        (VIOLATED)
_08150_/X                                10     11        (VIOLATED)
_08175_/X                                10     11        (VIOLATED)
_08206_/X                                10     11        (VIOLATED)
_08219_/X                                10     11        (VIOLATED)
_08227_/X                                10     11        (VIOLATED)
_08228_/X                                10     11        (VIOLATED)
_08480_/X                                10     11        (VIOLATED)
_08481_/X                                10     11        (VIOLATED)
_09322_/X                                10     11        (VIOLATED)
_09493_/X                                10     11        (VIOLATED)
_09730_/X                                10     11        (VIOLATED)
_09820_/X                                10     11        (VIOLATED)
_10038_/X                                10     11        (VIOLATED)
_10308_/X                                10     11        (VIOLATED)
_10345_/X                                10     11        (VIOLATED)
_10523_/X                                10     11        (VIOLATED)
_10619_/X                                10     11        (VIOLATED)
_10797_/X                                10     11        (VIOLATED)
_10844_/X                                10     11        (VIOLATED)
_10934_/X                                10     11        (VIOLATED)
_11138_/X                                10     11        (VIOLATED)
_11164_/X                                10     11        (VIOLATED)
_11342_/X                                10     11        (VIOLATED)
_11504_/X                                10     11        (VIOLATED)
_11593_/X                                10     11        (VIOLATED)
_11918_/Q                                10     11        (VIOLATED)


max slew violations count Typical: 0
max fanout violations count Typical: 97
max cap violations count Typical: 0

===========================================================================
report_parasitic_annotation -report_unannotated
============================================================================
Found 0 unannotated drivers.
Found 0 partially unannotated drivers.

===========================================================================
max slew violation count 13
max fanout violation count 97
max cap violation count 0
============================================================================

===========================================================================
check_setup -verbose -unconstrained_endpoints -multiple_clock -no_clock -no_input_delay -loops -generated_clocks
===========================================================================
