
===========================================================================
 report_power
============================================================================
======================= Fastest Corner ===================================

Group                  Internal  Switching    Leakage      Total
                          Power      Power      Power      Power (Watts)
----------------------------------------------------------------
Sequential             6.66e-03   7.91e-04   6.10e-06   7.46e-03  40.8%
Combinational          5.05e-03   5.78e-03   6.75e-08   1.08e-02  59.2%
Macro                  0.00e+00   0.00e+00   0.00e+00   0.00e+00   0.0%
Pad                    0.00e+00   0.00e+00   0.00e+00   0.00e+00   0.0%
----------------------------------------------------------------
Total                  1.17e-02   6.57e-03   6.17e-06   1.83e-02 100.0%
                          64.0%      35.9%       0.0%

======================= Slowest Corner ===================================

Group                  Internal  Switching    Leakage      Total
                          Power      Power      Power      Power (Watts)
----------------------------------------------------------------
Sequential             4.34e-03   5.24e-04   2.48e-05   4.89e-03  39.6%
Combinational          3.65e-03   3.77e-03   3.57e-05   7.45e-03  60.4%
Macro                  0.00e+00   0.00e+00   0.00e+00   0.00e+00   0.0%
Pad                    0.00e+00   0.00e+00   0.00e+00   0.00e+00   0.0%
----------------------------------------------------------------
Total                  7.98e-03   4.29e-03   6.05e-05   1.23e-02 100.0%
                          64.7%      34.8%       0.5%

======================= Typical Corner ===================================

Group                  Internal  Switching    Leakage      Total
                          Power      Power      Power      Power (Watts)
----------------------------------------------------------------
Sequential             5.67e-03   6.67e-04   6.09e-06   6.34e-03  40.5%
Combinational          4.47e-03   4.85e-03   3.90e-08   9.32e-03  59.5%
Macro                  0.00e+00   0.00e+00   0.00e+00   0.00e+00   0.0%
Pad                    0.00e+00   0.00e+00   0.00e+00   0.00e+00   0.0%
----------------------------------------------------------------
Total                  1.01e-02   5.52e-03   6.13e-06   1.57e-02 100.0%
                          64.7%      35.2%       0.0%

