
===========================================================================
 report_power
============================================================================
======================= Fastest Corner ===================================

Group                  Internal  Switching    Leakage      Total
                          Power      Power      Power      Power (Watts)
----------------------------------------------------------------
Sequential             6.64e-03   9.01e-04   6.10e-06   7.55e-03  39.6%
Combinational          5.06e-03   6.45e-03   6.75e-08   1.15e-02  60.4%
Macro                  0.00e+00   0.00e+00   0.00e+00   0.00e+00   0.0%
Pad                    0.00e+00   0.00e+00   0.00e+00   0.00e+00   0.0%
----------------------------------------------------------------
Total                  1.17e-02   7.35e-03   6.17e-06   1.91e-02 100.0%
                          61.4%      38.6%       0.0%

======================= Slowest Corner ===================================

Group                  Internal  Switching    Leakage      Total
                          Power      Power      Power      Power (Watts)
----------------------------------------------------------------
Sequential             4.33e-03   5.98e-04   2.48e-05   4.95e-03  38.5%
Combinational          3.66e-03   4.22e-03   3.57e-05   7.91e-03  61.5%
Macro                  0.00e+00   0.00e+00   0.00e+00   0.00e+00   0.0%
Pad                    0.00e+00   0.00e+00   0.00e+00   0.00e+00   0.0%
----------------------------------------------------------------
Total                  7.98e-03   4.81e-03   6.05e-05   1.29e-02 100.0%
                          62.1%      37.4%       0.5%

======================= Typical Corner ===================================

Group                  Internal  Switching    Leakage      Total
                          Power      Power      Power      Power (Watts)
----------------------------------------------------------------
Sequential             5.65e-03   7.61e-04   6.09e-06   6.42e-03  39.3%
Combinational          4.48e-03   5.42e-03   3.90e-08   9.89e-03  60.7%
Macro                  0.00e+00   0.00e+00   0.00e+00   0.00e+00   0.0%
Pad                    0.00e+00   0.00e+00   0.00e+00   0.00e+00   0.0%
----------------------------------------------------------------
Total                  1.01e-02   6.18e-03   6.13e-06   1.63e-02 100.0%
                          62.1%      37.9%       0.0%

