
===========================================================================
 report_power
============================================================================
======================= Fastest Corner ===================================

Group                  Internal  Switching    Leakage      Total
                          Power      Power      Power      Power (Watts)
----------------------------------------------------------------
Sequential             6.65e-03   8.47e-04   6.10e-06   7.50e-03  40.2%
Combinational          5.05e-03   6.11e-03   6.75e-08   1.12e-02  59.8%
Macro                  0.00e+00   0.00e+00   0.00e+00   0.00e+00   0.0%
Pad                    0.00e+00   0.00e+00   0.00e+00   0.00e+00   0.0%
----------------------------------------------------------------
Total                  1.17e-02   6.95e-03   6.17e-06   1.87e-02 100.0%
                          62.7%      37.3%       0.0%

======================= Slowest Corner ===================================

Group                  Internal  Switching    Leakage      Total
                          Power      Power      Power      Power (Watts)
----------------------------------------------------------------
Sequential             4.33e-03   5.62e-04   2.48e-05   4.92e-03  39.1%
Combinational          3.65e-03   3.99e-03   3.57e-05   7.67e-03  60.9%
Macro                  0.00e+00   0.00e+00   0.00e+00   0.00e+00   0.0%
Pad                    0.00e+00   0.00e+00   0.00e+00   0.00e+00   0.0%
----------------------------------------------------------------
Total                  7.98e-03   4.55e-03   6.05e-05   1.26e-02 100.0%
                          63.4%      36.1%       0.5%

======================= Typical Corner ===================================

Group                  Internal  Switching    Leakage      Total
                          Power      Power      Power      Power (Watts)
----------------------------------------------------------------
Sequential             5.66e-03   7.15e-04   6.09e-06   6.38e-03  39.9%
Combinational          4.47e-03   5.13e-03   3.90e-08   9.60e-03  60.1%
Macro                  0.00e+00   0.00e+00   0.00e+00   0.00e+00   0.0%
Pad                    0.00e+00   0.00e+00   0.00e+00   0.00e+00   0.0%
----------------------------------------------------------------
Total                  1.01e-02   5.84e-03   6.13e-06   1.60e-02 100.0%
                          63.4%      36.6%       0.0%

